#
# A fatal error has been detected by the Java Runtime Environment:
#
#  EXCEPTION_ACCESS_VIOLATION (0xc0000005) at pc=0x00007ffcd9d0893a, pid=11824, tid=12572
#
# JRE version: Java(TM) SE Runtime Environment (12.0.1+12) (build 12.0.1+12)
# Java VM: Java HotSpot(TM) 64-Bit Server VM (12.0.1+12, mixed mode, sharing, tiered, compressed oops, g1 gc, windows-amd64)
# Problematic frame:
# V  [jvm.dll+0x4893a]
#
# No core dump will be written. Minidumps are not enabled by default on client versions of Windows
#
# If you would like to submit a bug report, please visit:
#   http://bugreport.java.com/bugreport/crash.jsp
#

---------------  S U M M A R Y ------------

Command Line: --add-opens=java.base/java.lang=ALL-UNNAMED --add-opens=java.base/java.io=ALL-UNNAMED --add-opens=java.rmi/sun.rmi.transport=ALL-UNNAMED -Djava.util.logging.config.file=C:\Users\ZQ\.IntelliJIdea2019.2\system\tomcat\Tomcat_8_5_45_TommcatLearn\conf\logging.properties -Djava.util.logging.manager=org.apache.juli.ClassLoaderLogManager -Dcom.sun.management.jmxremote= -Dcom.sun.management.jmxremote.port=1099 -Dcom.sun.management.jmxremote.ssl=false -Dcom.sun.management.jmxremote.password.file=C:\Users\ZQ\.IntelliJIdea2019.2\system\tomcat\Tomcat_8_5_45_TommcatLearn\jmxremote.password -Dcom.sun.management.jmxremote.access.file=C:\Users\ZQ\.IntelliJIdea2019.2\system\tomcat\Tomcat_8_5_45_TommcatLearn\jmxremote.access -Djava.rmi.server.hostname=127.0.0.1 -Djdk.tls.ephemeralDHKeySize=2048 -Djava.protocol.handler.pkgs=org.apache.catalina.webresources -Dignore.endorsed.dirs= -Dcatalina.base=C:\Users\ZQ\.IntelliJIdea2019.2\system\tomcat\Tomcat_8_5_45_TommcatLearn -Dcatalina.home=D:\Java\JavaLearn\apache-tomcat-8.5.45 -Djava.io.tmpdir=D:\Java\JavaLearn\apache-tomcat-8.5.45\temp org.apache.catalina.startup.Bootstrap start

Host: Intel(R) Core(TM) i7-8700 CPU @ 3.20GHz, 12 cores, 31G,  Windows 10 , 64 bit Build 17134 (10.0.17134.753)
Time: Thu Oct 17 16:15:02 2019 ?D1¨²¡À¨º¡Á?¨º¡À?? elapsed time: 1 seconds (0d 0h 0m 1s)

---------------  T H R E A D  ---------------

Current thread (0x00000297ac390800):  JavaThread "C2 CompilerThread0" daemon [_thread_in_native, id=12572, stack(0x000000a257400000,0x000000a257500000)]


Current CompileTask:
C2:   1719 2240       4       jdk.internal.loader.URLClassPath::getResource (74 bytes)

Stack: [0x000000a257400000,0x000000a257500000],  sp=0x000000a2574fb5a0,  free space=1005k
Native frames: (J=compiled Java code, j=interpreted, Vv=VM code, C=native code)
V  [jvm.dll+0x4893a]
V  [jvm.dll+0x225bcd]
V  [jvm.dll+0x641085]
V  [jvm.dll+0x640ae1]
V  [jvm.dll+0x63e81f]
V  [jvm.dll+0x21c392]
V  [jvm.dll+0x21b20a]
V  [jvm.dll+0x199890]
V  [jvm.dll+0x22a534]
V  [jvm.dll+0x228b88]
V  [jvm.dll+0x74f660]
V  [jvm.dll+0x748648]
V  [jvm.dll+0x638566]
C  [ucrtbase.dll+0x1e3fe]
C  [KERNEL32.DLL+0x14034]
C  [ntdll.dll+0x73691]


siginfo: EXCEPTION_ACCESS_VIOLATION (0xc0000005), reading address 0x00000a97acc5bbc8


Register to memory mapping:

RIP=0x00007ffcd9d0893a jvm.dll
RAX=0x0000029788457602 is at code_begin+2 in 
[CodeBlob (0x0000029788457590)]
Framesize: 0
BufferBlob (0x0000029788457590) used for Compile::scratch_buffer
RBX=0x000000a2574fbde0 is pointing into the stack for thread: 0x00000297ac390800
RCX=0x00000a97acc5bbc8 is an unknown value
RDX=0x000000a2574fbde0 is pointing into the stack for thread: 0x00000297ac390800
RSP=0x000000a2574fb5a0 is pointing into the stack for thread: 0x00000297ac390800
RBP=0x000000a2574fb6d0 is pointing into the stack for thread: 0x00000297ac390800
RSI=0x00000297acc5bb40 points into unknown readable memory: 28 db 4b da fc 7f 00 00
RDI=0x000000a2574fb630 is pointing into the stack for thread: 0x00000297ac390800
R8 =0x0000000000000789 is an unknown value
R9 =0x0000000000000001 is an unknown value
R10=0x000000a2574fb3e8 is pointing into the stack for thread: 0x00000297ac390800
R11=0x000000a2574fb810 is pointing into the stack for thread: 0x00000297ac390800
R12=0x0 is NULL
R13=0x0000000000001058 is an unknown value
R14=0x00000297acc5bb40 points into unknown readable memory: 28 db 4b da fc 7f 00 00
R15=0x000000a2574fe300 is pointing into the stack for thread: 0x00000297ac390800


Registers:
RAX=0x0000029788457602, RBX=0x000000a2574fbde0, RCX=0x00000a97acc5bbc8, RDX=0x000000a2574fbde0
RSP=0x000000a2574fb5a0, RBP=0x000000a2574fb6d0, RSI=0x00000297acc5bb40, RDI=0x000000a2574fb630
R8 =0x0000000000000789, R9 =0x0000000000000001, R10=0x000000a2574fb3e8, R11=0x000000a2574fb810
R12=0x0000000000000000, R13=0x0000000000001058, R14=0x00000297acc5bb40, R15=0x000000a2574fe300
RIP=0x00007ffcd9d0893a, EFLAGS=0x0000000000010206

Top of Stack: (sp=0x000000a2574fb5a0)
0x000000a2574fb5a0:   0000000000000008 0000029788458ac0
0x000000a2574fb5b0:   000000a2574fe300 00000297acc5bb40
0x000000a2574fb5c0:   0000029788457600 00007ffcd9ee5bcd
0x000000a2574fb5d0:   0000000000000002 0000029788458ac0
0x000000a2574fb5e0:   0000029788458ac0 0000000000000000
0x000000a2574fb5f0:   0000029700000000 0000000000000000
0x000000a2574fb600:   00007ffcda481498 000000a2574fb688
0x000000a2574fb610:   000000a2574fb758 0000000001010101
0x000000a2574fb620:   0000000000000000 00007ffd22865e95
0x000000a2574fb630:   00007ffcda481468 0000029788457ac0
0x000000a2574fb640:   0000000000000000 0000029788457ac0
0x000000a2574fb650:   0000029788458ac0 0000029788458ac0
0x000000a2574fb660:   0000029788458ac0 0000029788458b14
0x000000a2574fb670:   0000029788457ac0 0000000000010000
0x000000a2574fb680:   000000a2574fb630 0000029788457600
0x000000a2574fb690:   0000029788457600 0000029788457603 

Instructions: (pc=0x00007ffcd9d0893a)
0x00007ffcd9d0891a:   68 83 e9 08 48 8b 47 68 80 c9 e8 c6 00 c1 48 ff
0x00007ffcd9d0892a:   47 68 48 8b 47 68 88 08 48 ff 47 68 48 8b 4e 50
0x00007ffcd9d0893a:   48 8b 01 ff 50 30 48 8b 4f 68 48 8b 5c 24 30 48
0x00007ffcd9d0894a:   8b 74 24 38 88 01 48 ff 47 68 48 83 c4 20 5f c3 


Stack slot to memory mapping:
stack at sp + 0 slots: 0x0000000000000008 is an unknown value
stack at sp + 1 slots: 0x0000029788458ac0 is at code_begin+5312 in 
[CodeBlob (0x0000029788457590)]
Framesize: 0
BufferBlob (0x0000029788457590) used for Compile::scratch_buffer
stack at sp + 2 slots: 0x000000a2574fe300 is pointing into the stack for thread: 0x00000297ac390800
stack at sp + 3 slots: 0x00000297acc5bb40 points into unknown readable memory: 28 db 4b da fc 7f 00 00
stack at sp + 4 slots: 0x0000029788457600 is at code_begin+0 in 
[CodeBlob (0x0000029788457590)]
Framesize: 0
BufferBlob (0x0000029788457590) used for Compile::scratch_buffer
stack at sp + 5 slots: 0x00007ffcd9ee5bcd jvm.dll
stack at sp + 6 slots: 0x0000000000000002 is an unknown value
stack at sp + 7 slots: 0x0000029788458ac0 is at code_begin+5312 in 
[CodeBlob (0x0000029788457590)]
Framesize: 0
BufferBlob (0x0000029788457590) used for Compile::scratch_buffer


---------------  P R O C E S S  ---------------

Threads class SMR info:
_java_thread_list=0x00000297ae805460, length=50, elements={
0x00000297fe40e000, 0x00000297ac372800, 0x00000297ac374000, 0x00000297ac38d800,
0x00000297ac38f800, 0x00000297ac390800, 0x00000297ac393800, 0x00000297ac398800,
0x00000297ac4b7800, 0x00000297ac580800, 0x00000297ac5b2800, 0x00000297ac8cc000,
0x00000297ac883000, 0x00000297ac869000, 0x00000297acbe2800, 0x00000297ac930800,
0x00000297aca4f000, 0x00000297adf0a000, 0x00000297adf64800, 0x00000297ad5cf000,
0x00000297ae2ee800, 0x00000297ae2ef800, 0x00000297ae2f0000, 0x00000297ae2f1000,
0x00000297ae2f2000, 0x00000297ae2f2800, 0x00000297ae2ed000, 0x00000297ae2f3800,
0x00000297ae2ed800, 0x00000297ae253800, 0x00000297ae254800, 0x00000297ae24f800,
0x00000297ae24e800, 0x00000297ae255000, 0x00000297ae252800, 0x00000297ae251000,
0x00000297ae250800, 0x00000297ae256000, 0x00000297ae257000, 0x00000297ae257800,
0x00000297ae252000, 0x00000297ae259800, 0x00000297ae25a000, 0x00000297ae25b000,
0x00000297ae25b800, 0x00000297ae25d800, 0x00000297ae25c800, 0x00000297ae258800,
0x00000297ad3cb000, 0x00000297ae564800
}

Java Threads: ( => current thread )
  0x00000297fe40e000 JavaThread "main" [_thread_in_native, id=2792, stack(0x000000a256900000,0x000000a256a00000)]
  0x00000297ac372800 JavaThread "Reference Handler" daemon [_thread_blocked, id=8188, stack(0x000000a257000000,0x000000a257100000)]
  0x00000297ac374000 JavaThread "Finalizer" daemon [_thread_blocked, id=10056, stack(0x000000a257100000,0x000000a257200000)]
  0x00000297ac38d800 JavaThread "Signal Dispatcher" daemon [_thread_blocked, id=7460, stack(0x000000a257200000,0x000000a257300000)]
  0x00000297ac38f800 JavaThread "Attach Listener" daemon [_thread_blocked, id=10084, stack(0x000000a257300000,0x000000a257400000)]
=>0x00000297ac390800 JavaThread "C2 CompilerThread0" daemon [_thread_in_native, id=12572, stack(0x000000a257400000,0x000000a257500000)]
  0x00000297ac393800 JavaThread "C1 CompilerThread0" daemon [_thread_in_native, id=11308, stack(0x000000a257500000,0x000000a257600000)]
  0x00000297ac398800 JavaThread "Sweeper thread" daemon [_thread_blocked, id=13756, stack(0x000000a257600000,0x000000a257700000)]
  0x00000297ac4b7800 JavaThread "Common-Cleaner" daemon [_thread_blocked, id=4032, stack(0x000000a257700000,0x000000a257800000)]
  0x00000297ac580800 JavaThread "Service Thread" daemon [_thread_blocked, id=7504, stack(0x000000a257900000,0x000000a257a00000)]
  0x00000297ac5b2800 JavaThread "AsyncFileHandlerWriter-1237514926" daemon [_thread_blocked, id=5080, stack(0x000000a257a00000,0x000000a257b00000)]
  0x00000297ac8cc000 JavaThread "RMI TCP Accept-0" daemon [_thread_in_native, id=9444, stack(0x000000a257b00000,0x000000a257c00000)]
  0x00000297ac883000 JavaThread "RMI TCP Accept-1099" daemon [_thread_in_native, id=7904, stack(0x000000a257c00000,0x000000a257d00000)]
  0x00000297ac869000 JavaThread "RMI TCP Accept-0" daemon [_thread_in_native, id=14132, stack(0x000000a257d00000,0x000000a257e00000)]
  0x00000297acbe2800 JavaThread "RMI TCP Connection(3)-127.0.0.1" daemon [_thread_in_native, id=5168, stack(0x000000a257f00000,0x000000a258000000)]
  0x00000297ac930800 JavaThread "RMI TCP Connection(2)-127.0.0.1" daemon [_thread_in_native, id=5364, stack(0x000000a258000000,0x000000a258100000)]
  0x00000297aca4f000 JavaThread "RMI Scheduler(0)" daemon [_thread_blocked, id=8436, stack(0x000000a258100000,0x000000a258200000)]
  0x00000297adf0a000 JavaThread "NioBlockingSelector.BlockPoller-1" daemon [_thread_in_native, id=6304, stack(0x000000a258c00000,0x000000a258d00000)]
  0x00000297adf64800 JavaThread "NioBlockingSelector.BlockPoller-2" daemon [_thread_in_native, id=13724, stack(0x000000a258d00000,0x000000a258e00000)]
  0x00000297ad5cf000 JavaThread "Catalina-startStop-1" daemon [_thread_blocked, id=5076, stack(0x000000a258e00000,0x000000a258f00000)]
  0x00000297ae2ee800 JavaThread "ContainerBackgroundProcessor[StandardEngine[Catalina]]" daemon [_thread_blocked, id=10336, stack(0x000000a258f00000,0x000000a259000000)]
  0x00000297ae2ef800 JavaThread "http-nio-8080-exec-1" daemon [_thread_in_vm, id=3752, stack(0x000000a259000000,0x000000a259100000)]
  0x00000297ae2f0000 JavaThread "http-nio-8080-exec-2" daemon [_thread_blocked, id=1008, stack(0x000000a259100000,0x000000a259200000)]
  0x00000297ae2f1000 JavaThread "http-nio-8080-exec-3" daemon [_thread_blocked, id=2672, stack(0x000000a259200000,0x000000a259300000)]
  0x00000297ae2f2000 JavaThread "http-nio-8080-exec-4" daemon [_thread_blocked, id=14244, stack(0x000000a259300000,0x000000a259400000)]
  0x00000297ae2f2800 JavaThread "http-nio-8080-exec-5" daemon [_thread_blocked, id=10124, stack(0x000000a259400000,0x000000a259500000)]
  0x00000297ae2ed000 JavaThread "http-nio-8080-exec-6" daemon [_thread_blocked, id=9432, stack(0x000000a259500000,0x000000a259600000)]
  0x00000297ae2f3800 JavaThread "http-nio-8080-exec-7" daemon [_thread_blocked, id=10824, stack(0x000000a259600000,0x000000a259700000)]
  0x00000297ae2ed800 JavaThread "http-nio-8080-exec-8" daemon [_thread_blocked, id=12076, stack(0x000000a259700000,0x000000a259800000)]
  0x00000297ae253800 JavaThread "http-nio-8080-exec-9" daemon [_thread_blocked, id=9568, stack(0x000000a259800000,0x000000a259900000)]
  0x00000297ae254800 JavaThread "http-nio-8080-exec-10" daemon [_thread_blocked, id=13264, stack(0x000000a259900000,0x000000a259a00000)]
  0x00000297ae24f800 JavaThread "http-nio-8080-ClientPoller-0" daemon [_thread_in_native, id=2008, stack(0x000000a259a00000,0x000000a259b00000)]
  0x00000297ae24e800 JavaThread "http-nio-8080-ClientPoller-1" daemon [_thread_in_native, id=6584, stack(0x000000a259b00000,0x000000a259c00000)]
  0x00000297ae255000 JavaThread "http-nio-8080-Acceptor-0" daemon [_thread_in_native, id=7636, stack(0x000000a259c00000,0x000000a259d00000)]
  0x00000297ae252800 JavaThread "http-nio-8080-AsyncTimeout" daemon [_thread_blocked, id=1380, stack(0x000000a259d00000,0x000000a259e00000)]
  0x00000297ae251000 JavaThread "ajp-nio-8009-exec-1" daemon [_thread_blocked, id=11428, stack(0x000000a259e00000,0x000000a259f00000)]
  0x00000297ae250800 JavaThread "ajp-nio-8009-exec-2" daemon [_thread_blocked, id=11688, stack(0x000000a259f00000,0x000000a25a000000)]
  0x00000297ae256000 JavaThread "ajp-nio-8009-exec-3" daemon [_thread_blocked, id=9696, stack(0x000000a25a000000,0x000000a25a100000)]
  0x00000297ae257000 JavaThread "ajp-nio-8009-exec-4" daemon [_thread_blocked, id=1696, stack(0x000000a25a100000,0x000000a25a200000)]
  0x00000297ae257800 JavaThread "ajp-nio-8009-exec-5" daemon [_thread_blocked, id=11836, stack(0x000000a25a200000,0x000000a25a300000)]
  0x00000297ae252000 JavaThread "ajp-nio-8009-exec-6" daemon [_thread_blocked, id=1172, stack(0x000000a25a300000,0x000000a25a400000)]
  0x00000297ae259800 JavaThread "ajp-nio-8009-exec-7" daemon [_thread_blocked, id=1528, stack(0x000000a25a400000,0x000000a25a500000)]
  0x00000297ae25a000 JavaThread "ajp-nio-8009-exec-8" daemon [_thread_blocked, id=12784, stack(0x000000a25a500000,0x000000a25a600000)]
  0x00000297ae25b000 JavaThread "ajp-nio-8009-exec-9" daemon [_thread_blocked, id=9624, stack(0x000000a25a600000,0x000000a25a700000)]
  0x00000297ae25b800 JavaThread "ajp-nio-8009-exec-10" daemon [_thread_blocked, id=13108, stack(0x000000a25a700000,0x000000a25a800000)]
  0x00000297ae25d800 JavaThread "ajp-nio-8009-ClientPoller-0" daemon [_thread_in_native, id=13636, stack(0x000000a25a800000,0x000000a25a900000)]
  0x00000297ae25c800 JavaThread "ajp-nio-8009-ClientPoller-1" daemon [_thread_in_native, id=4480, stack(0x000000a25a900000,0x000000a25aa00000)]
  0x00000297ae258800 JavaThread "ajp-nio-8009-Acceptor-0" daemon [_thread_in_native, id=12480, stack(0x000000a25aa00000,0x000000a25ab00000)]
  0x00000297ad3cb000 JavaThread "ajp-nio-8009-AsyncTimeout" daemon [_thread_blocked, id=13728, stack(0x000000a25ab00000,0x000000a25ac00000)]
  0x00000297ae564800 JavaThread "C2 CompilerThread1" daemon [_thread_in_native, id=9148, stack(0x000000a257800000,0x000000a257900000)]

Other Threads:
  0x00000297aba4d000 VMThread "VM Thread" [stack: 0x000000a256f00000,0x000000a257000000] [id=13408]
  0x00000297ac909000 WatcherThread [stack: 0x000000a257e00000,0x000000a257f00000] [id=13612]
  0x00000297fe493000 GCTaskThread "GC Thread#0" [stack: 0x000000a256a00000,0x000000a256b00000] [id=12636]
  0x00000297ad7c2000 GCTaskThread "GC Thread#1" [stack: 0x000000a258300000,0x000000a258400000] [id=1320]
  0x00000297add18800 GCTaskThread "GC Thread#2" [stack: 0x000000a258400000,0x000000a258500000] [id=10976]
  0x00000297acaf3000 GCTaskThread "GC Thread#3" [stack: 0x000000a258500000,0x000000a258600000] [id=6632]
  0x00000297ad448000 GCTaskThread "GC Thread#4" [stack: 0x000000a258600000,0x000000a258700000] [id=5936]
  0x00000297ac9d5000 GCTaskThread "GC Thread#5" [stack: 0x000000a258700000,0x000000a258800000] [id=520]
  0x00000297ac9d6000 GCTaskThread "GC Thread#6" [stack: 0x000000a258800000,0x000000a258900000] [id=12976]
  0x00000297ac9d6800 GCTaskThread "GC Thread#7" [stack: 0x000000a258900000,0x000000a258a00000] [id=14092]
  0x00000297ad400800 GCTaskThread "GC Thread#8" [stack: 0x000000a258a00000,0x000000a258b00000] [id=13648]
  0x00000297ad401800 GCTaskThread "GC Thread#9" [stack: 0x000000a258b00000,0x000000a258c00000] [id=9592]
  0x00000297fe4ac800 ConcurrentGCThread "G1 Main Marker" [stack: 0x000000a256b00000,0x000000a256c00000] [id=1084]
  0x00000297fe4ae000 ConcurrentGCThread "G1 Conc#0" [stack: 0x000000a256c00000,0x000000a256d00000] [id=10836]
  0x00000297ab9e0000 ConcurrentGCThread "G1 Refine#0" [stack: 0x000000a256d00000,0x000000a256e00000] [id=5868]
  0x00000297ab9e1000 ConcurrentGCThread "G1 Young RemSet Sampling" [stack: 0x000000a256e00000,0x000000a256f00000] [id=13984]

Threads with active compile tasks:
C2 CompilerThread0  2240       4       jdk.internal.loader.URLClassPath::getResource (74 bytes)
C1 CompilerThread0  2278       3       org.eclipse.jdt.internal.compiler.parser.Parser::consumeRule (6731 bytes)
C2 CompilerThread1  2283  s!   4       jdk.internal.loader.URLClassPath::getLoader (194 bytes)

VM state:not at safepoint (normal execution)

VM Mutex/Monitor currently owned by a thread:  ([mutex/lock_event])
[0x00000297fe409690] CodeCache_lock - owner thread: 0x00000297ac393800
[0x00000297fe40b420] Compile_lock - owner thread: 0x00000297ac393800
[0x00000297fe40aa90] MethodCompileQueue_lock - owner thread: 0x00000297ac393800

Heap address: 0x0000000602600000, size: 8154 MB, Compressed Oops mode: Zero based, Oop shift amount: 3
Narrow klass base: 0x0000000800000000, Narrow klass shift: 3
Compressed class space size: 1073741824 Address: 0x00000008011a0000

Heap:
 garbage-first heap   total 522240K, used 82548K [0x0000000602600000, 0x0000000800000000)
  region size 2048K, 41 young (83968K), 2 survivors (4096K)
 Metaspace       used 20205K, capacity 20875K, committed 21120K, reserved 1069056K
  class space    used 2075K, capacity 2343K, committed 2432K, reserved 1048576K
Heap Regions: E=young(eden), S=young(survivor), O=old, HS=humongous(starts), HC=humongous(continues), CS=collection set, F=free, A=archive, TAMS=top-at-mark-start (previous, next)
|   0|0x0000000602600000, 0x000000060269d208, 0x0000000602800000| 30%| O|  |TAMS 0x0000000602600000, 0x0000000602600000| Untracked 
|   1|0x0000000602800000, 0x0000000602800000, 0x0000000602a00000|  0%| F|  |TAMS 0x0000000602800000, 0x0000000602800000| Untracked 
|   2|0x0000000602a00000, 0x0000000602a00000, 0x0000000602c00000|  0%| F|  |TAMS 0x0000000602a00000, 0x0000000602a00000| Untracked 
|   3|0x0000000602c00000, 0x0000000602c00000, 0x0000000602e00000|  0%| F|  |TAMS 0x0000000602c00000, 0x0000000602c00000| Untracked 
|   4|0x0000000602e00000, 0x0000000602e00000, 0x0000000603000000|  0%| F|  |TAMS 0x0000000602e00000, 0x0000000602e00000| Untracked 
|   5|0x0000000603000000, 0x0000000603000000, 0x0000000603200000|  0%| F|  |TAMS 0x0000000603000000, 0x0000000603000000| Untracked 
|   6|0x0000000603200000, 0x0000000603200000, 0x0000000603400000|  0%| F|  |TAMS 0x0000000603200000, 0x0000000603200000| Untracked 
|   7|0x0000000603400000, 0x0000000603400000, 0x0000000603600000|  0%| F|  |TAMS 0x0000000603400000, 0x0000000603400000| Untracked 
|   8|0x0000000603600000, 0x0000000603600000, 0x0000000603800000|  0%| F|  |TAMS 0x0000000603600000, 0x0000000603600000| Untracked 
|   9|0x0000000603800000, 0x0000000603800000, 0x0000000603a00000|  0%| F|  |TAMS 0x0000000603800000, 0x0000000603800000| Untracked 
|  10|0x0000000603a00000, 0x0000000603a00000, 0x0000000603c00000|  0%| F|  |TAMS 0x0000000603a00000, 0x0000000603a00000| Untracked 
|  11|0x0000000603c00000, 0x0000000603c00000, 0x0000000603e00000|  0%| F|  |TAMS 0x0000000603c00000, 0x0000000603c00000| Untracked 
|  12|0x0000000603e00000, 0x0000000603e00000, 0x0000000604000000|  0%| F|  |TAMS 0x0000000603e00000, 0x0000000603e00000| Untracked 
|  13|0x0000000604000000, 0x0000000604000000, 0x0000000604200000|  0%| F|  |TAMS 0x0000000604000000, 0x0000000604000000| Untracked 
|  14|0x0000000604200000, 0x0000000604200000, 0x0000000604400000|  0%| F|  |TAMS 0x0000000604200000, 0x0000000604200000| Untracked 
|  15|0x0000000604400000, 0x0000000604400000, 0x0000000604600000|  0%| F|  |TAMS 0x0000000604400000, 0x0000000604400000| Untracked 
|  16|0x0000000604600000, 0x0000000604600000, 0x0000000604800000|  0%| F|  |TAMS 0x0000000604600000, 0x0000000604600000| Untracked 
|  17|0x0000000604800000, 0x0000000604800000, 0x0000000604a00000|  0%| F|  |TAMS 0x0000000604800000, 0x0000000604800000| Untracked 
|  18|0x0000000604a00000, 0x0000000604a00000, 0x0000000604c00000|  0%| F|  |TAMS 0x0000000604a00000, 0x0000000604a00000| Untracked 
|  19|0x0000000604c00000, 0x0000000604c00000, 0x0000000604e00000|  0%| F|  |TAMS 0x0000000604c00000, 0x0000000604c00000| Untracked 
|  20|0x0000000604e00000, 0x0000000604e00000, 0x0000000605000000|  0%| F|  |TAMS 0x0000000604e00000, 0x0000000604e00000| Untracked 
|  21|0x0000000605000000, 0x0000000605000000, 0x0000000605200000|  0%| F|  |TAMS 0x0000000605000000, 0x0000000605000000| Untracked 
|  22|0x0000000605200000, 0x0000000605200000, 0x0000000605400000|  0%| F|  |TAMS 0x0000000605200000, 0x0000000605200000| Untracked 
|  23|0x0000000605400000, 0x0000000605400000, 0x0000000605600000|  0%| F|  |TAMS 0x0000000605400000, 0x0000000605400000| Untracked 
|  24|0x0000000605600000, 0x0000000605600000, 0x0000000605800000|  0%| F|  |TAMS 0x0000000605600000, 0x0000000605600000| Untracked 
|  25|0x0000000605800000, 0x0000000605800000, 0x0000000605a00000|  0%| F|  |TAMS 0x0000000605800000, 0x0000000605800000| Untracked 
|  26|0x0000000605a00000, 0x0000000605a00000, 0x0000000605c00000|  0%| F|  |TAMS 0x0000000605a00000, 0x0000000605a00000| Untracked 
|  27|0x0000000605c00000, 0x0000000605c00000, 0x0000000605e00000|  0%| F|  |TAMS 0x0000000605c00000, 0x0000000605c00000| Untracked 
|  28|0x0000000605e00000, 0x0000000605e00000, 0x0000000606000000|  0%| F|  |TAMS 0x0000000605e00000, 0x0000000605e00000| Untracked 
|  29|0x0000000606000000, 0x0000000606000000, 0x0000000606200000|  0%| F|  |TAMS 0x0000000606000000, 0x0000000606000000| Untracked 
|  30|0x0000000606200000, 0x0000000606200000, 0x0000000606400000|  0%| F|  |TAMS 0x0000000606200000, 0x0000000606200000| Untracked 
|  31|0x0000000606400000, 0x0000000606400000, 0x0000000606600000|  0%| F|  |TAMS 0x0000000606400000, 0x0000000606400000| Untracked 
|  32|0x0000000606600000, 0x0000000606600000, 0x0000000606800000|  0%| F|  |TAMS 0x0000000606600000, 0x0000000606600000| Untracked 
|  33|0x0000000606800000, 0x0000000606800000, 0x0000000606a00000|  0%| F|  |TAMS 0x0000000606800000, 0x0000000606800000| Untracked 
|  34|0x0000000606a00000, 0x0000000606a00000, 0x0000000606c00000|  0%| F|  |TAMS 0x0000000606a00000, 0x0000000606a00000| Untracked 
|  35|0x0000000606c00000, 0x0000000606c00000, 0x0000000606e00000|  0%| F|  |TAMS 0x0000000606c00000, 0x0000000606c00000| Untracked 
|  36|0x0000000606e00000, 0x0000000606e00000, 0x0000000607000000|  0%| F|  |TAMS 0x0000000606e00000, 0x0000000606e00000| Untracked 
|  37|0x0000000607000000, 0x0000000607000000, 0x0000000607200000|  0%| F|  |TAMS 0x0000000607000000, 0x0000000607000000| Untracked 
|  38|0x0000000607200000, 0x0000000607200000, 0x0000000607400000|  0%| F|  |TAMS 0x0000000607200000, 0x0000000607200000| Untracked 
|  39|0x0000000607400000, 0x0000000607400000, 0x0000000607600000|  0%| F|  |TAMS 0x0000000607400000, 0x0000000607400000| Untracked 
|  40|0x0000000607600000, 0x0000000607600000, 0x0000000607800000|  0%| F|  |TAMS 0x0000000607600000, 0x0000000607600000| Untracked 
|  41|0x0000000607800000, 0x0000000607800000, 0x0000000607a00000|  0%| F|  |TAMS 0x0000000607800000, 0x0000000607800000| Untracked 
|  42|0x0000000607a00000, 0x0000000607a00000, 0x0000000607c00000|  0%| F|  |TAMS 0x0000000607a00000, 0x0000000607a00000| Untracked 
|  43|0x0000000607c00000, 0x0000000607c00000, 0x0000000607e00000|  0%| F|  |TAMS 0x0000000607c00000, 0x0000000607c00000| Untracked 
|  44|0x0000000607e00000, 0x0000000607e00000, 0x0000000608000000|  0%| F|  |TAMS 0x0000000607e00000, 0x0000000607e00000| Untracked 
|  45|0x0000000608000000, 0x0000000608000000, 0x0000000608200000|  0%| F|  |TAMS 0x0000000608000000, 0x0000000608000000| Untracked 
|  46|0x0000000608200000, 0x0000000608200000, 0x0000000608400000|  0%| F|  |TAMS 0x0000000608200000, 0x0000000608200000| Untracked 
|  47|0x0000000608400000, 0x0000000608400000, 0x0000000608600000|  0%| F|  |TAMS 0x0000000608400000, 0x0000000608400000| Untracked 
|  48|0x0000000608600000, 0x0000000608600000, 0x0000000608800000|  0%| F|  |TAMS 0x0000000608600000, 0x0000000608600000| Untracked 
|  49|0x0000000608800000, 0x0000000608800000, 0x0000000608a00000|  0%| F|  |TAMS 0x0000000608800000, 0x0000000608800000| Untracked 
|  50|0x0000000608a00000, 0x0000000608a00000, 0x0000000608c00000|  0%| F|  |TAMS 0x0000000608a00000, 0x0000000608a00000| Untracked 
|  51|0x0000000608c00000, 0x0000000608c00000, 0x0000000608e00000|  0%| F|  |TAMS 0x0000000608c00000, 0x0000000608c00000| Untracked 
|  52|0x0000000608e00000, 0x0000000608e00000, 0x0000000609000000|  0%| F|  |TAMS 0x0000000608e00000, 0x0000000608e00000| Untracked 
|  53|0x0000000609000000, 0x0000000609000000, 0x0000000609200000|  0%| F|  |TAMS 0x0000000609000000, 0x0000000609000000| Untracked 
|  54|0x0000000609200000, 0x0000000609200000, 0x0000000609400000|  0%| F|  |TAMS 0x0000000609200000, 0x0000000609200000| Untracked 
|  55|0x0000000609400000, 0x0000000609400000, 0x0000000609600000|  0%| F|  |TAMS 0x0000000609400000, 0x0000000609400000| Untracked 
|  56|0x0000000609600000, 0x0000000609600000, 0x0000000609800000|  0%| F|  |TAMS 0x0000000609600000, 0x0000000609600000| Untracked 
|  57|0x0000000609800000, 0x0000000609800000, 0x0000000609a00000|  0%| F|  |TAMS 0x0000000609800000, 0x0000000609800000| Untracked 
|  58|0x0000000609a00000, 0x0000000609a00000, 0x0000000609c00000|  0%| F|  |TAMS 0x0000000609a00000, 0x0000000609a00000| Untracked 
|  59|0x0000000609c00000, 0x0000000609c00000, 0x0000000609e00000|  0%| F|  |TAMS 0x0000000609c00000, 0x0000000609c00000| Untracked 
|  60|0x0000000609e00000, 0x0000000609e00000, 0x000000060a000000|  0%| F|  |TAMS 0x0000000609e00000, 0x0000000609e00000| Untracked 
|  61|0x000000060a000000, 0x000000060a000000, 0x000000060a200000|  0%| F|  |TAMS 0x000000060a000000, 0x000000060a000000| Untracked 
|  62|0x000000060a200000, 0x000000060a200000, 0x000000060a400000|  0%| F|  |TAMS 0x000000060a200000, 0x000000060a200000| Untracked 
|  63|0x000000060a400000, 0x000000060a400000, 0x000000060a600000|  0%| F|  |TAMS 0x000000060a400000, 0x000000060a400000| Untracked 
|  64|0x000000060a600000, 0x000000060a600000, 0x000000060a800000|  0%| F|  |TAMS 0x000000060a600000, 0x000000060a600000| Untracked 
|  65|0x000000060a800000, 0x000000060a800000, 0x000000060aa00000|  0%| F|  |TAMS 0x000000060a800000, 0x000000060a800000| Untracked 
|  66|0x000000060aa00000, 0x000000060aa00000, 0x000000060ac00000|  0%| F|  |TAMS 0x000000060aa00000, 0x000000060aa00000| Untracked 
|  67|0x000000060ac00000, 0x000000060ac00000, 0x000000060ae00000|  0%| F|  |TAMS 0x000000060ac00000, 0x000000060ac00000| Untracked 
|  68|0x000000060ae00000, 0x000000060ae00000, 0x000000060b000000|  0%| F|  |TAMS 0x000000060ae00000, 0x000000060ae00000| Untracked 
|  69|0x000000060b000000, 0x000000060b000000, 0x000000060b200000|  0%| F|  |TAMS 0x000000060b000000, 0x000000060b000000| Untracked 
|  70|0x000000060b200000, 0x000000060b200000, 0x000000060b400000|  0%| F|  |TAMS 0x000000060b200000, 0x000000060b200000| Untracked 
|  71|0x000000060b400000, 0x000000060b400000, 0x000000060b600000|  0%| F|  |TAMS 0x000000060b400000, 0x000000060b400000| Untracked 
|  72|0x000000060b600000, 0x000000060b600000, 0x000000060b800000|  0%| F|  |TAMS 0x000000060b600000, 0x000000060b600000| Untracked 
|  73|0x000000060b800000, 0x000000060b800000, 0x000000060ba00000|  0%| F|  |TAMS 0x000000060b800000, 0x000000060b800000| Untracked 
|  74|0x000000060ba00000, 0x000000060ba00000, 0x000000060bc00000|  0%| F|  |TAMS 0x000000060ba00000, 0x000000060ba00000| Untracked 
|  75|0x000000060bc00000, 0x000000060bc00000, 0x000000060be00000|  0%| F|  |TAMS 0x000000060bc00000, 0x000000060bc00000| Untracked 
|  76|0x000000060be00000, 0x000000060be00000, 0x000000060c000000|  0%| F|  |TAMS 0x000000060be00000, 0x000000060be00000| Untracked 
|  77|0x000000060c000000, 0x000000060c000000, 0x000000060c200000|  0%| F|  |TAMS 0x000000060c000000, 0x000000060c000000| Untracked 
|  78|0x000000060c200000, 0x000000060c200000, 0x000000060c400000|  0%| F|  |TAMS 0x000000060c200000, 0x000000060c200000| Untracked 
|  79|0x000000060c400000, 0x000000060c400000, 0x000000060c600000|  0%| F|  |TAMS 0x000000060c400000, 0x000000060c400000| Untracked 
|  80|0x000000060c600000, 0x000000060c600000, 0x000000060c800000|  0%| F|  |TAMS 0x000000060c600000, 0x000000060c600000| Untracked 
|  81|0x000000060c800000, 0x000000060c800000, 0x000000060ca00000|  0%| F|  |TAMS 0x000000060c800000, 0x000000060c800000| Untracked 
|  82|0x000000060ca00000, 0x000000060ca00000, 0x000000060cc00000|  0%| F|  |TAMS 0x000000060ca00000, 0x000000060ca00000| Untracked 
|  83|0x000000060cc00000, 0x000000060cc00000, 0x000000060ce00000|  0%| F|  |TAMS 0x000000060cc00000, 0x000000060cc00000| Untracked 
|  84|0x000000060ce00000, 0x000000060ce00000, 0x000000060d000000|  0%| F|  |TAMS 0x000000060ce00000, 0x000000060ce00000| Untracked 
|  85|0x000000060d000000, 0x000000060d000000, 0x000000060d200000|  0%| F|  |TAMS 0x000000060d000000, 0x000000060d000000| Untracked 
|  86|0x000000060d200000, 0x000000060d200000, 0x000000060d400000|  0%| F|  |TAMS 0x000000060d200000, 0x000000060d200000| Untracked 
|  87|0x000000060d400000, 0x000000060d400000, 0x000000060d600000|  0%| F|  |TAMS 0x000000060d400000, 0x000000060d400000| Untracked 
|  88|0x000000060d600000, 0x000000060d600000, 0x000000060d800000|  0%| F|  |TAMS 0x000000060d600000, 0x000000060d600000| Untracked 
|  89|0x000000060d800000, 0x000000060d800000, 0x000000060da00000|  0%| F|  |TAMS 0x000000060d800000, 0x000000060d800000| Untracked 
|  90|0x000000060da00000, 0x000000060da00000, 0x000000060dc00000|  0%| F|  |TAMS 0x000000060da00000, 0x000000060da00000| Untracked 
|  91|0x000000060dc00000, 0x000000060dc00000, 0x000000060de00000|  0%| F|  |TAMS 0x000000060dc00000, 0x000000060dc00000| Untracked 
|  92|0x000000060de00000, 0x000000060de00000, 0x000000060e000000|  0%| F|  |TAMS 0x000000060de00000, 0x000000060de00000| Untracked 
|  93|0x000000060e000000, 0x000000060e000000, 0x000000060e200000|  0%| F|  |TAMS 0x000000060e000000, 0x000000060e000000| Untracked 
|  94|0x000000060e200000, 0x000000060e200000, 0x000000060e400000|  0%| F|  |TAMS 0x000000060e200000, 0x000000060e200000| Untracked 
|  95|0x000000060e400000, 0x000000060e400000, 0x000000060e600000|  0%| F|  |TAMS 0x000000060e400000, 0x000000060e400000| Untracked 
|  96|0x000000060e600000, 0x000000060e600000, 0x000000060e800000|  0%| F|  |TAMS 0x000000060e600000, 0x000000060e600000| Untracked 
|  97|0x000000060e800000, 0x000000060e800000, 0x000000060ea00000|  0%| F|  |TAMS 0x000000060e800000, 0x000000060e800000| Untracked 
|  98|0x000000060ea00000, 0x000000060ea00000, 0x000000060ec00000|  0%| F|  |TAMS 0x000000060ea00000, 0x000000060ea00000| Untracked 
|  99|0x000000060ec00000, 0x000000060ec00000, 0x000000060ee00000|  0%| F|  |TAMS 0x000000060ec00000, 0x000000060ec00000| Untracked 
| 100|0x000000060ee00000, 0x000000060ee00000, 0x000000060f000000|  0%| F|  |TAMS 0x000000060ee00000, 0x000000060ee00000| Untracked 
| 101|0x000000060f000000, 0x000000060f000000, 0x000000060f200000|  0%| F|  |TAMS 0x000000060f000000, 0x000000060f000000| Untracked 
| 102|0x000000060f200000, 0x000000060f200000, 0x000000060f400000|  0%| F|  |TAMS 0x000000060f200000, 0x000000060f200000| Untracked 
| 103|0x000000060f400000, 0x000000060f400000, 0x000000060f600000|  0%| F|  |TAMS 0x000000060f400000, 0x000000060f400000| Untracked 
| 104|0x000000060f600000, 0x000000060f600000, 0x000000060f800000|  0%| F|  |TAMS 0x000000060f600000, 0x000000060f600000| Untracked 
| 105|0x000000060f800000, 0x000000060f800000, 0x000000060fa00000|  0%| F|  |TAMS 0x000000060f800000, 0x000000060f800000| Untracked 
| 106|0x000000060fa00000, 0x000000060fa00000, 0x000000060fc00000|  0%| F|  |TAMS 0x000000060fa00000, 0x000000060fa00000| Untracked 
| 107|0x000000060fc00000, 0x000000060fc00000, 0x000000060fe00000|  0%| F|  |TAMS 0x000000060fc00000, 0x000000060fc00000| Untracked 
| 108|0x000000060fe00000, 0x000000060fe00000, 0x0000000610000000|  0%| F|  |TAMS 0x000000060fe00000, 0x000000060fe00000| Untracked 
| 109|0x0000000610000000, 0x0000000610000000, 0x0000000610200000|  0%| F|  |TAMS 0x0000000610000000, 0x0000000610000000| Untracked 
| 110|0x0000000610200000, 0x0000000610200000, 0x0000000610400000|  0%| F|  |TAMS 0x0000000610200000, 0x0000000610200000| Untracked 
| 111|0x0000000610400000, 0x0000000610400000, 0x0000000610600000|  0%| F|  |TAMS 0x0000000610400000, 0x0000000610400000| Untracked 
| 112|0x0000000610600000, 0x0000000610600000, 0x0000000610800000|  0%| F|  |TAMS 0x0000000610600000, 0x0000000610600000| Untracked 
| 113|0x0000000610800000, 0x0000000610800000, 0x0000000610a00000|  0%| F|  |TAMS 0x0000000610800000, 0x0000000610800000| Untracked 
| 114|0x0000000610a00000, 0x0000000610a00000, 0x0000000610c00000|  0%| F|  |TAMS 0x0000000610a00000, 0x0000000610a00000| Untracked 
| 115|0x0000000610c00000, 0x0000000610c00000, 0x0000000610e00000|  0%| F|  |TAMS 0x0000000610c00000, 0x0000000610c00000| Untracked 
| 116|0x0000000610e00000, 0x0000000610e00000, 0x0000000611000000|  0%| F|  |TAMS 0x0000000610e00000, 0x0000000610e00000| Untracked 
| 117|0x0000000611000000, 0x0000000611000000, 0x0000000611200000|  0%| F|  |TAMS 0x0000000611000000, 0x0000000611000000| Untracked 
| 118|0x0000000611200000, 0x0000000611200000, 0x0000000611400000|  0%| F|  |TAMS 0x0000000611200000, 0x0000000611200000| Untracked 
| 119|0x0000000611400000, 0x0000000611400000, 0x0000000611600000|  0%| F|  |TAMS 0x0000000611400000, 0x0000000611400000| Untracked 
| 120|0x0000000611600000, 0x0000000611600000, 0x0000000611800000|  0%| F|  |TAMS 0x0000000611600000, 0x0000000611600000| Untracked 
| 121|0x0000000611800000, 0x0000000611800000, 0x0000000611a00000|  0%| F|  |TAMS 0x0000000611800000, 0x0000000611800000| Untracked 
| 122|0x0000000611a00000, 0x0000000611a00000, 0x0000000611c00000|  0%| F|  |TAMS 0x0000000611a00000, 0x0000000611a00000| Untracked 
| 123|0x0000000611c00000, 0x0000000611c00000, 0x0000000611e00000|  0%| F|  |TAMS 0x0000000611c00000, 0x0000000611c00000| Untracked 
| 124|0x0000000611e00000, 0x0000000611e00000, 0x0000000612000000|  0%| F|  |TAMS 0x0000000611e00000, 0x0000000611e00000| Untracked 
| 125|0x0000000612000000, 0x0000000612000000, 0x0000000612200000|  0%| F|  |TAMS 0x0000000612000000, 0x0000000612000000| Untracked 
| 126|0x0000000612200000, 0x0000000612200000, 0x0000000612400000|  0%| F|  |TAMS 0x0000000612200000, 0x0000000612200000| Untracked 
| 127|0x0000000612400000, 0x0000000612400000, 0x0000000612600000|  0%| F|  |TAMS 0x0000000612400000, 0x0000000612400000| Untracked 
| 128|0x0000000612600000, 0x0000000612600000, 0x0000000612800000|  0%| F|  |TAMS 0x0000000612600000, 0x0000000612600000| Untracked 
| 129|0x0000000612800000, 0x0000000612800000, 0x0000000612a00000|  0%| F|  |TAMS 0x0000000612800000, 0x0000000612800000| Untracked 
| 130|0x0000000612a00000, 0x0000000612a00000, 0x0000000612c00000|  0%| F|  |TAMS 0x0000000612a00000, 0x0000000612a00000| Untracked 
| 131|0x0000000612c00000, 0x0000000612c00000, 0x0000000612e00000|  0%| F|  |TAMS 0x0000000612c00000, 0x0000000612c00000| Untracked 
| 132|0x0000000612e00000, 0x0000000612e00000, 0x0000000613000000|  0%| F|  |TAMS 0x0000000612e00000, 0x0000000612e00000| Untracked 
| 133|0x0000000613000000, 0x0000000613000000, 0x0000000613200000|  0%| F|  |TAMS 0x0000000613000000, 0x0000000613000000| Untracked 
| 134|0x0000000613200000, 0x0000000613200000, 0x0000000613400000|  0%| F|  |TAMS 0x0000000613200000, 0x0000000613200000| Untracked 
| 135|0x0000000613400000, 0x0000000613400000, 0x0000000613600000|  0%| F|  |TAMS 0x0000000613400000, 0x0000000613400000| Untracked 
| 136|0x0000000613600000, 0x0000000613600000, 0x0000000613800000|  0%| F|  |TAMS 0x0000000613600000, 0x0000000613600000| Untracked 
| 137|0x0000000613800000, 0x0000000613800000, 0x0000000613a00000|  0%| F|  |TAMS 0x0000000613800000, 0x0000000613800000| Untracked 
| 138|0x0000000613a00000, 0x0000000613a00000, 0x0000000613c00000|  0%| F|  |TAMS 0x0000000613a00000, 0x0000000613a00000| Untracked 
| 139|0x0000000613c00000, 0x0000000613c00000, 0x0000000613e00000|  0%| F|  |TAMS 0x0000000613c00000, 0x0000000613c00000| Untracked 
| 140|0x0000000613e00000, 0x0000000613e00000, 0x0000000614000000|  0%| F|  |TAMS 0x0000000613e00000, 0x0000000613e00000| Untracked 
| 141|0x0000000614000000, 0x0000000614000000, 0x0000000614200000|  0%| F|  |TAMS 0x0000000614000000, 0x0000000614000000| Untracked 
| 142|0x0000000614200000, 0x0000000614200000, 0x0000000614400000|  0%| F|  |TAMS 0x0000000614200000, 0x0000000614200000| Untracked 
| 143|0x0000000614400000, 0x0000000614400000, 0x0000000614600000|  0%| F|  |TAMS 0x0000000614400000, 0x0000000614400000| Untracked 
| 144|0x0000000614600000, 0x0000000614600000, 0x0000000614800000|  0%| F|  |TAMS 0x0000000614600000, 0x0000000614600000| Untracked 
| 145|0x0000000614800000, 0x0000000614800000, 0x0000000614a00000|  0%| F|  |TAMS 0x0000000614800000, 0x0000000614800000| Untracked 
| 146|0x0000000614a00000, 0x0000000614a00000, 0x0000000614c00000|  0%| F|  |TAMS 0x0000000614a00000, 0x0000000614a00000| Untracked 
| 147|0x0000000614c00000, 0x0000000614c00000, 0x0000000614e00000|  0%| F|  |TAMS 0x0000000614c00000, 0x0000000614c00000| Untracked 
| 148|0x0000000614e00000, 0x0000000614e00000, 0x0000000615000000|  0%| F|  |TAMS 0x0000000614e00000, 0x0000000614e00000| Untracked 
| 149|0x0000000615000000, 0x0000000615000000, 0x0000000615200000|  0%| F|  |TAMS 0x0000000615000000, 0x0000000615000000| Untracked 
| 150|0x0000000615200000, 0x0000000615200000, 0x0000000615400000|  0%| F|  |TAMS 0x0000000615200000, 0x0000000615200000| Untracked 
| 151|0x0000000615400000, 0x0000000615400000, 0x0000000615600000|  0%| F|  |TAMS 0x0000000615400000, 0x0000000615400000| Untracked 
| 152|0x0000000615600000, 0x0000000615600000, 0x0000000615800000|  0%| F|  |TAMS 0x0000000615600000, 0x0000000615600000| Untracked 
| 153|0x0000000615800000, 0x0000000615800000, 0x0000000615a00000|  0%| F|  |TAMS 0x0000000615800000, 0x0000000615800000| Untracked 
| 154|0x0000000615a00000, 0x0000000615a00000, 0x0000000615c00000|  0%| F|  |TAMS 0x0000000615a00000, 0x0000000615a00000| Untracked 
| 155|0x0000000615c00000, 0x0000000615c00000, 0x0000000615e00000|  0%| F|  |TAMS 0x0000000615c00000, 0x0000000615c00000| Untracked 
| 156|0x0000000615e00000, 0x0000000615e00000, 0x0000000616000000|  0%| F|  |TAMS 0x0000000615e00000, 0x0000000615e00000| Untracked 
| 157|0x0000000616000000, 0x0000000616000000, 0x0000000616200000|  0%| F|  |TAMS 0x0000000616000000, 0x0000000616000000| Untracked 
| 158|0x0000000616200000, 0x0000000616200000, 0x0000000616400000|  0%| F|  |TAMS 0x0000000616200000, 0x0000000616200000| Untracked 
| 159|0x0000000616400000, 0x0000000616400000, 0x0000000616600000|  0%| F|  |TAMS 0x0000000616400000, 0x0000000616400000| Untracked 
| 160|0x0000000616600000, 0x0000000616600000, 0x0000000616800000|  0%| F|  |TAMS 0x0000000616600000, 0x0000000616600000| Untracked 
| 161|0x0000000616800000, 0x0000000616800000, 0x0000000616a00000|  0%| F|  |TAMS 0x0000000616800000, 0x0000000616800000| Untracked 
| 162|0x0000000616a00000, 0x0000000616a00000, 0x0000000616c00000|  0%| F|  |TAMS 0x0000000616a00000, 0x0000000616a00000| Untracked 
| 163|0x0000000616c00000, 0x0000000616c00000, 0x0000000616e00000|  0%| F|  |TAMS 0x0000000616c00000, 0x0000000616c00000| Untracked 
| 164|0x0000000616e00000, 0x0000000616e00000, 0x0000000617000000|  0%| F|  |TAMS 0x0000000616e00000, 0x0000000616e00000| Untracked 
| 165|0x0000000617000000, 0x0000000617000000, 0x0000000617200000|  0%| F|  |TAMS 0x0000000617000000, 0x0000000617000000| Untracked 
| 166|0x0000000617200000, 0x0000000617200000, 0x0000000617400000|  0%| F|  |TAMS 0x0000000617200000, 0x0000000617200000| Untracked 
| 167|0x0000000617400000, 0x0000000617400000, 0x0000000617600000|  0%| F|  |TAMS 0x0000000617400000, 0x0000000617400000| Untracked 
| 168|0x0000000617600000, 0x0000000617600000, 0x0000000617800000|  0%| F|  |TAMS 0x0000000617600000, 0x0000000617600000| Untracked 
| 169|0x0000000617800000, 0x0000000617800000, 0x0000000617a00000|  0%| F|  |TAMS 0x0000000617800000, 0x0000000617800000| Untracked 
| 170|0x0000000617a00000, 0x0000000617a00000, 0x0000000617c00000|  0%| F|  |TAMS 0x0000000617a00000, 0x0000000617a00000| Untracked 
| 171|0x0000000617c00000, 0x0000000617c00000, 0x0000000617e00000|  0%| F|  |TAMS 0x0000000617c00000, 0x0000000617c00000| Untracked 
| 172|0x0000000617e00000, 0x0000000617e00000, 0x0000000618000000|  0%| F|  |TAMS 0x0000000617e00000, 0x0000000617e00000| Untracked 
| 173|0x0000000618000000, 0x0000000618000000, 0x0000000618200000|  0%| F|  |TAMS 0x0000000618000000, 0x0000000618000000| Untracked 
| 174|0x0000000618200000, 0x0000000618200000, 0x0000000618400000|  0%| F|  |TAMS 0x0000000618200000, 0x0000000618200000| Untracked 
| 175|0x0000000618400000, 0x0000000618400000, 0x0000000618600000|  0%| F|  |TAMS 0x0000000618400000, 0x0000000618400000| Untracked 
| 176|0x0000000618600000, 0x0000000618600000, 0x0000000618800000|  0%| F|  |TAMS 0x0000000618600000, 0x0000000618600000| Untracked 
| 177|0x0000000618800000, 0x0000000618800000, 0x0000000618a00000|  0%| F|  |TAMS 0x0000000618800000, 0x0000000618800000| Untracked 
| 178|0x0000000618a00000, 0x0000000618a00000, 0x0000000618c00000|  0%| F|  |TAMS 0x0000000618a00000, 0x0000000618a00000| Untracked 
| 179|0x0000000618c00000, 0x0000000618c00000, 0x0000000618e00000|  0%| F|  |TAMS 0x0000000618c00000, 0x0000000618c00000| Untracked 
| 180|0x0000000618e00000, 0x0000000618e00000, 0x0000000619000000|  0%| F|  |TAMS 0x0000000618e00000, 0x0000000618e00000| Untracked 
| 181|0x0000000619000000, 0x0000000619000000, 0x0000000619200000|  0%| F|  |TAMS 0x0000000619000000, 0x0000000619000000| Untracked 
| 182|0x0000000619200000, 0x0000000619200000, 0x0000000619400000|  0%| F|  |TAMS 0x0000000619200000, 0x0000000619200000| Untracked 
| 183|0x0000000619400000, 0x0000000619400000, 0x0000000619600000|  0%| F|  |TAMS 0x0000000619400000, 0x0000000619400000| Untracked 
| 184|0x0000000619600000, 0x0000000619600000, 0x0000000619800000|  0%| F|  |TAMS 0x0000000619600000, 0x0000000619600000| Untracked 
| 185|0x0000000619800000, 0x0000000619800000, 0x0000000619a00000|  0%| F|  |TAMS 0x0000000619800000, 0x0000000619800000| Untracked 
| 186|0x0000000619a00000, 0x0000000619a00000, 0x0000000619c00000|  0%| F|  |TAMS 0x0000000619a00000, 0x0000000619a00000| Untracked 
| 187|0x0000000619c00000, 0x0000000619c00000, 0x0000000619e00000|  0%| F|  |TAMS 0x0000000619c00000, 0x0000000619c00000| Untracked 
| 188|0x0000000619e00000, 0x0000000619e00000, 0x000000061a000000|  0%| F|  |TAMS 0x0000000619e00000, 0x0000000619e00000| Untracked 
| 189|0x000000061a000000, 0x000000061a000000, 0x000000061a200000|  0%| F|  |TAMS 0x000000061a000000, 0x000000061a000000| Untracked 
| 190|0x000000061a200000, 0x000000061a200000, 0x000000061a400000|  0%| F|  |TAMS 0x000000061a200000, 0x000000061a200000| Untracked 
| 191|0x000000061a400000, 0x000000061a400000, 0x000000061a600000|  0%| F|  |TAMS 0x000000061a400000, 0x000000061a400000| Untracked 
| 192|0x000000061a600000, 0x000000061a600000, 0x000000061a800000|  0%| F|  |TAMS 0x000000061a600000, 0x000000061a600000| Untracked 
| 193|0x000000061a800000, 0x000000061a800000, 0x000000061aa00000|  0%| F|  |TAMS 0x000000061a800000, 0x000000061a800000| Untracked 
| 194|0x000000061aa00000, 0x000000061aa00000, 0x000000061ac00000|  0%| F|  |TAMS 0x000000061aa00000, 0x000000061aa00000| Untracked 
| 195|0x000000061ac00000, 0x000000061ac00000, 0x000000061ae00000|  0%| F|  |TAMS 0x000000061ac00000, 0x000000061ac00000| Untracked 
| 196|0x000000061ae00000, 0x000000061ae00000, 0x000000061b000000|  0%| F|  |TAMS 0x000000061ae00000, 0x000000061ae00000| Untracked 
| 197|0x000000061b000000, 0x000000061b000000, 0x000000061b200000|  0%| F|  |TAMS 0x000000061b000000, 0x000000061b000000| Untracked 
| 198|0x000000061b200000, 0x000000061b200000, 0x000000061b400000|  0%| F|  |TAMS 0x000000061b200000, 0x000000061b200000| Untracked 
| 199|0x000000061b400000, 0x000000061b400000, 0x000000061b600000|  0%| F|  |TAMS 0x000000061b400000, 0x000000061b400000| Untracked 
| 200|0x000000061b600000, 0x000000061b600000, 0x000000061b800000|  0%| F|  |TAMS 0x000000061b600000, 0x000000061b600000| Untracked 
| 201|0x000000061b800000, 0x000000061b800000, 0x000000061ba00000|  0%| F|  |TAMS 0x000000061b800000, 0x000000061b800000| Untracked 
| 202|0x000000061ba00000, 0x000000061ba00000, 0x000000061bc00000|  0%| F|  |TAMS 0x000000061ba00000, 0x000000061ba00000| Untracked 
| 203|0x000000061bc00000, 0x000000061bc00000, 0x000000061be00000|  0%| F|  |TAMS 0x000000061bc00000, 0x000000061bc00000| Untracked 
| 204|0x000000061be00000, 0x000000061be00000, 0x000000061c000000|  0%| F|  |TAMS 0x000000061be00000, 0x000000061be00000| Untracked 
| 205|0x000000061c000000, 0x000000061c000000, 0x000000061c200000|  0%| F|  |TAMS 0x000000061c000000, 0x000000061c000000| Untracked 
| 206|0x000000061c200000, 0x000000061c200000, 0x000000061c400000|  0%| F|  |TAMS 0x000000061c200000, 0x000000061c200000| Untracked 
| 207|0x000000061c400000, 0x000000061c400000, 0x000000061c600000|  0%| F|  |TAMS 0x000000061c400000, 0x000000061c400000| Untracked 
| 208|0x000000061c600000, 0x000000061c600000, 0x000000061c800000|  0%| F|  |TAMS 0x000000061c600000, 0x000000061c600000| Untracked 
| 209|0x000000061c800000, 0x000000061c800000, 0x000000061ca00000|  0%| F|  |TAMS 0x000000061c800000, 0x000000061c800000| Untracked 
| 210|0x000000061ca00000, 0x000000061ca00000, 0x000000061cc00000|  0%| F|  |TAMS 0x000000061ca00000, 0x000000061ca00000| Untracked 
| 211|0x000000061cc00000, 0x000000061cc00000, 0x000000061ce00000|  0%| F|  |TAMS 0x000000061cc00000, 0x000000061cc00000| Untracked 
| 212|0x000000061ce00000, 0x000000061ce00000, 0x000000061d000000|  0%| F|  |TAMS 0x000000061ce00000, 0x000000061ce00000| Untracked 
| 213|0x000000061d000000, 0x000000061d000000, 0x000000061d200000|  0%| F|  |TAMS 0x000000061d000000, 0x000000061d000000| Untracked 
| 214|0x000000061d200000, 0x000000061d300800, 0x000000061d400000| 50%| E|  |TAMS 0x000000061d200000, 0x000000061d200000| Complete 
| 215|0x000000061d400000, 0x000000061d600000, 0x000000061d600000|100%| E|CS|TAMS 0x000000061d400000, 0x000000061d400000| Complete 
| 216|0x000000061d600000, 0x000000061d800000, 0x000000061d800000|100%| E|CS|TAMS 0x000000061d600000, 0x000000061d600000| Complete 
| 217|0x000000061d800000, 0x000000061da00000, 0x000000061da00000|100%| E|CS|TAMS 0x000000061d800000, 0x000000061d800000| Complete 
| 218|0x000000061da00000, 0x000000061dc00000, 0x000000061dc00000|100%| E|CS|TAMS 0x000000061da00000, 0x000000061da00000| Complete 
| 219|0x000000061dc00000, 0x000000061de00000, 0x000000061de00000|100%| E|CS|TAMS 0x000000061dc00000, 0x000000061dc00000| Complete 
| 220|0x000000061de00000, 0x000000061e000000, 0x000000061e000000|100%| E|CS|TAMS 0x000000061de00000, 0x000000061de00000| Complete 
| 221|0x000000061e000000, 0x000000061e200000, 0x000000061e200000|100%| E|CS|TAMS 0x000000061e000000, 0x000000061e000000| Complete 
| 222|0x000000061e200000, 0x000000061e400000, 0x000000061e400000|100%| E|CS|TAMS 0x000000061e200000, 0x000000061e200000| Complete 
| 223|0x000000061e400000, 0x000000061e600000, 0x000000061e600000|100%| E|CS|TAMS 0x000000061e400000, 0x000000061e400000| Complete 
| 224|0x000000061e600000, 0x000000061e800000, 0x000000061e800000|100%| E|CS|TAMS 0x000000061e600000, 0x000000061e600000| Complete 
| 225|0x000000061e800000, 0x000000061ea00000, 0x000000061ea00000|100%| E|CS|TAMS 0x000000061e800000, 0x000000061e800000| Complete 
| 226|0x000000061ea00000, 0x000000061ec00000, 0x000000061ec00000|100%| E|CS|TAMS 0x000000061ea00000, 0x000000061ea00000| Complete 
| 227|0x000000061ec00000, 0x000000061ee00000, 0x000000061ee00000|100%| E|CS|TAMS 0x000000061ec00000, 0x000000061ec00000| Complete 
| 228|0x000000061ee00000, 0x000000061f000000, 0x000000061f000000|100%| E|CS|TAMS 0x000000061ee00000, 0x000000061ee00000| Complete 
| 229|0x000000061f000000, 0x000000061f200000, 0x000000061f200000|100%| E|CS|TAMS 0x000000061f000000, 0x000000061f000000| Complete 
| 230|0x000000061f200000, 0x000000061f400000, 0x000000061f400000|100%| E|CS|TAMS 0x000000061f200000, 0x000000061f200000| Complete 
| 231|0x000000061f400000, 0x000000061f600000, 0x000000061f600000|100%| E|CS|TAMS 0x000000061f400000, 0x000000061f400000| Complete 
| 232|0x000000061f600000, 0x000000061f800000, 0x000000061f800000|100%| E|CS|TAMS 0x000000061f600000, 0x000000061f600000| Complete 
| 233|0x000000061f800000, 0x000000061fa00000, 0x000000061fa00000|100%| E|CS|TAMS 0x000000061f800000, 0x000000061f800000| Complete 
| 234|0x000000061fa00000, 0x000000061fc00000, 0x000000061fc00000|100%| E|CS|TAMS 0x000000061fa00000, 0x000000061fa00000| Complete 
| 235|0x000000061fc00000, 0x000000061fe00000, 0x000000061fe00000|100%| E|CS|TAMS 0x000000061fc00000, 0x000000061fc00000| Complete 
| 236|0x000000061fe00000, 0x0000000620000000, 0x0000000620000000|100%| E|CS|TAMS 0x000000061fe00000, 0x000000061fe00000| Complete 
| 237|0x0000000620000000, 0x0000000620200000, 0x0000000620200000|100%| E|CS|TAMS 0x0000000620000000, 0x0000000620000000| Complete 
| 238|0x0000000620200000, 0x0000000620400000, 0x0000000620400000|100%| E|CS|TAMS 0x0000000620200000, 0x0000000620200000| Complete 
| 239|0x0000000620400000, 0x0000000620600000, 0x0000000620600000|100%| E|CS|TAMS 0x0000000620400000, 0x0000000620400000| Complete 
| 240|0x0000000620600000, 0x0000000620800000, 0x0000000620800000|100%| E|CS|TAMS 0x0000000620600000, 0x0000000620600000| Complete 
| 241|0x0000000620800000, 0x0000000620a00000, 0x0000000620a00000|100%| S|CS|TAMS 0x0000000620800000, 0x0000000620800000| Complete 
| 242|0x0000000620a00000, 0x0000000620c00000, 0x0000000620c00000|100%| S|CS|TAMS 0x0000000620a00000, 0x0000000620a00000| Complete 
| 243|0x0000000620c00000, 0x0000000620e00000, 0x0000000620e00000|100%| E|CS|TAMS 0x0000000620c00000, 0x0000000620c00000| Complete 
| 244|0x0000000620e00000, 0x0000000621000000, 0x0000000621000000|100%| E|CS|TAMS 0x0000000620e00000, 0x0000000620e00000| Complete 
| 245|0x0000000621000000, 0x0000000621200000, 0x0000000621200000|100%| E|CS|TAMS 0x0000000621000000, 0x0000000621000000| Complete 
| 246|0x0000000621200000, 0x0000000621400000, 0x0000000621400000|100%| E|CS|TAMS 0x0000000621200000, 0x0000000621200000| Complete 
| 247|0x0000000621400000, 0x0000000621600000, 0x0000000621600000|100%| E|CS|TAMS 0x0000000621400000, 0x0000000621400000| Complete 
| 248|0x0000000621600000, 0x0000000621800000, 0x0000000621800000|100%| E|CS|TAMS 0x0000000621600000, 0x0000000621600000| Complete 
| 249|0x0000000621800000, 0x0000000621a00000, 0x0000000621a00000|100%| E|CS|TAMS 0x0000000621800000, 0x0000000621800000| Complete 
| 250|0x0000000621a00000, 0x0000000621c00000, 0x0000000621c00000|100%| E|CS|TAMS 0x0000000621a00000, 0x0000000621a00000| Complete 
| 251|0x0000000621c00000, 0x0000000621e00000, 0x0000000621e00000|100%| E|CS|TAMS 0x0000000621c00000, 0x0000000621c00000| Complete 
| 252|0x0000000621e00000, 0x0000000622000000, 0x0000000622000000|100%| E|CS|TAMS 0x0000000621e00000, 0x0000000621e00000| Complete 
| 253|0x0000000622000000, 0x0000000622200000, 0x0000000622200000|100%| E|CS|TAMS 0x0000000622000000, 0x0000000622000000| Complete 
| 254|0x0000000622200000, 0x0000000622400000, 0x0000000622400000|100%| E|CS|TAMS 0x0000000622200000, 0x0000000622200000| Complete 

Card table byte_map: [0x0000029797330000,0x0000029798320000] _byte_map_base: 0x000002979431d000

Marking Bits (Prev, Next): (CMBitMap*) 0x00000297fe493c48, (CMBitMap*) 0x00000297fe493c88
 Prev Bits: [0x0000029799310000, 0x00000297a1278000)
 Next Bits: [0x00000297a1280000, 0x00000297a91e8000)

Polling page: 0x00000297fc3b0000

Metaspace:

Usage:
  Non-class:     18.22 MB capacity,    17.82 MB ( 98%) used,   356.52 KB (  2%) free+waste,    57.75 KB ( <1%) overhead. 
      Class:      2.29 MB capacity,     2.04 MB ( 89%) used,   228.99 KB ( 10%) free+waste,    28.38 KB (  1%) overhead. 
       Both:     20.51 MB capacity,    19.85 MB ( 97%) used,   585.52 KB (  3%) free+waste,    86.13 KB ( <1%) overhead. 

Virtual space:
  Non-class space:       20.00 MB reserved,      18.25 MB ( 91%) committed 
      Class space:        1.00 GB reserved,       2.38 MB ( <1%) committed 
             Both:        1.02 GB reserved,      20.63 MB (  2%) committed 

Chunk freelists:
   Non-Class:  3.50 KB
       Class:  3.13 KB
        Both:  6.63 KB

CodeHeap 'non-profiled nmethods': size=120000Kb used=981Kb max_used=981Kb free=119018Kb
 bounds [0x000002978fe00000, 0x0000029790070000, 0x0000029797330000]
CodeHeap 'profiled nmethods': size=120000Kb used=4836Kb max_used=4836Kb free=115164Kb
 bounds [0x00000297888d0000, 0x0000029788d90000, 0x000002978fe00000]
CodeHeap 'non-nmethods': size=5760Kb used=1198Kb max_used=1216Kb free=4561Kb
 bounds [0x0000029788330000, 0x00000297885a0000, 0x00000297888d0000]
 total_blobs=3376 nmethods=2032 adapters=440
 compilation: enabled
              stopped_count=0, restarted_count=0
 full_count=0

Compilation events (10 events):
Event: 1.617 Thread 0x00000297ac393800 2255       3       sun.util.ResourceBundleEnumeration::nextElement (5 bytes)
Event: 1.617 Thread 0x00000297ac393800 nmethod 2255 0x0000029788d44590 code [0x0000029788d44780, 0x0000029788d44b00]
Event: 1.617 Thread 0x00000297ac393800 2256       3       sun.util.ResourceBundleEnumeration::nextElement (27 bytes)
Event: 1.617 Thread 0x00000297ac393800 nmethod 2256 0x0000029788d44c10 code [0x0000029788d44e00, 0x0000029788d45120]
Event: 1.617 Thread 0x00000297ac393800 2257       3       org.eclipse.jdt.internal.compiler.problem.DefaultProblemFactory::keyFromID (4 bytes)
Event: 1.617 Thread 0x00000297ac393800 nmethod 2257 0x000002978891b310 code [0x000002978891b4c0, 0x000002978891b5f8]
Event: 1.672 Thread 0x00000297ac393800 2260   !   3       java.util.concurrent.ConcurrentHashMap::transfer (849 bytes)
Event: 1.675 Thread 0x00000297ac393800 nmethod 2260 0x0000029788d45210 code [0x0000029788d456e0, 0x0000029788d48e10]
Event: 1.703 Thread 0x00000297ac393800 2262       1       sun.nio.fs.WindowsPath::getFileSystem (5 bytes)
Event: 1.703 Thread 0x00000297ac393800 nmethod 2262 0x000002978fef1210 code [0x000002978fef13c0, 0x000002978fef14f8]

GC Heap History (2 events):
Event: 0.611 GC heap before
{Heap before GC invocations=0 (full 0):
 garbage-first heap   total 522240K, used 24576K [0x0000000602600000, 0x0000000800000000)
  region size 2048K, 12 young (24576K), 0 survivors (0K)
 Metaspace       used 9459K, capacity 10041K, committed 10368K, reserved 1058816K
  class space    used 1084K, capacity 1317K, committed 1408K, reserved 1048576K
}
Event: 0.616 GC heap after
{Heap after GC invocations=1 (full 0):
 garbage-first heap   total 522240K, used 4724K [0x0000000602600000, 0x0000000800000000)
  region size 2048K, 2 young (4096K), 2 survivors (4096K)
 Metaspace       used 9459K, capacity 10041K, committed 10368K, reserved 1058816K
  class space    used 1084K, capacity 1317K, committed 1408K, reserved 1048576K
}

Deoptimization events (10 events):
Event: 1.113 Thread 0x00000297acbe2800 Uncommon trap: reason=unstable_if action=reinterpret pc=0x000002978fe72e7c method=com.sun.org.apache.xerces.internal.impl.XMLEntityScanner.peekChar()I @ 14 c2
Event: 1.115 Thread 0x00000297acbe2800 Uncommon trap: reason=unstable_if action=reinterpret pc=0x000002978fe68d28 method=com.sun.org.apache.xerces.internal.impl.XMLEntityScanner.checkBeforeLoad(Lcom/sun/xml/internal/stream/Entity$ScannedEntity;II)I @ 18 c2
Event: 1.123 Thread 0x00000297acbe2800 Uncommon trap: reason=unstable_if action=reinterpret pc=0x000002978fea6a04 method=com.sun.org.apache.xerces.internal.impl.io.UTF8Reader.read([CII)I @ 131 c2
Event: 1.123 Thread 0x00000297acbe2800 Uncommon trap: reason=unstable_if action=reinterpret pc=0x000002978feb0478 method=com.sun.org.apache.xerces.internal.impl.XMLEntityScanner.skipSpaces()Z @ 72 c2
Event: 1.123 Thread 0x00000297acbe2800 Uncommon trap: reason=unstable_if action=reinterpret pc=0x000002978fe81324 method=com.sun.org.apache.xerces.internal.impl.XMLEntityScanner.scanChar(Lcom/sun/org/apache/xerces/internal/impl/XMLScanner$NameType;)I @ 59 c2
Event: 1.287 Thread 0x00000297acbe2800 Uncommon trap: reason=unstable_if action=reinterpret pc=0x000002978fe23b64 method=java.util.concurrent.ConcurrentHashMap.get(Ljava/lang/Object;)Ljava/lang/Object; @ 76 c2
Event: 1.556 Thread 0x00000297ae2ef800 Uncommon trap: reason=unstable_if action=reinterpret pc=0x000002978fedbdd0 method=com.sun.org.apache.xerces.internal.utils.XMLLimitAnalyzer.addValue(ILjava/lang/String;I)V @ 7 c2
Event: 1.556 Thread 0x00000297ae2ef800 Uncommon trap: reason=unstable_if action=reinterpret pc=0x000002978fe73a60 method=com.sun.org.apache.xerces.internal.utils.XMLSecurityManager.isOverLimit(ILcom/sun/org/apache/xerces/internal/utils/XMLLimitAnalyzer;)Z @ 28 c2
Event: 1.602 Thread 0x00000297ae2ef800 Uncommon trap: reason=unstable_if action=reinterpret pc=0x000002978fe5ea8c method=java.util.ArrayList.fastRemove([Ljava/lang/Object;I)V @ 19 c2
Event: 1.672 Thread 0x00000297ae2ef800 Uncommon trap: reason=unstable_if action=reinterpret pc=0x000002978fe7ddd8 method=java.util.concurrent.ConcurrentHashMap.transfer([Ljava/util/concurrent/ConcurrentHashMap$Node;[Ljava/util/concurrent/ConcurrentHashMap$Node;)V @ 26 c2

Classes redefined (0 events):
No events

Internal exceptions (10 events):
Event: 0.741 Thread 0x00000297fe40e000 Implicit null exception at 0x000002978fe72785 to 0x000002978fe7296a
Event: 0.741 Thread 0x00000297fe40e000 Implicit null exception at 0x000002978fe62588 to 0x000002978fe6261a
Event: 0.746 Thread 0x00000297fe40e000 Exception <a 'java/lang/NoSuchMethodError'{0x0000000621625850}: java.lang.invoke.DirectMethodHandle$Holder.invokeStatic(Ljava/lang/Object;Ljava/lang/Object;Ljava/lang/Object;Ljava/lang/Object;Ljava/lang/Object;Ljava/lang/Object;Ljava/lang/Object;Ljava/lan
Event: 0.749 Thread 0x00000297fe40e000 Exception <a 'java/io/FileNotFoundException'{0x0000000621652b40}> (0x0000000621652b40) thrown at [t:/workspace/open/src/hotspot/share/prims/jni.cpp, line 615]
Event: 0.755 Thread 0x00000297fe40e000 Exception <a 'java/lang/NoSuchMethodError'{0x0000000621699798}: java.lang.invoke.DirectMethodHandle$Holder.invokeStatic(Ljava/lang/Object;Ljava/lang/Object;Ljava/lang/Object;Ljava/lang/Object;Ljava/lang/Object;Ljava/lang/Object;Ljava/lang/Object;Ljava/lan
Event: 0.756 Thread 0x00000297fe40e000 Exception <a 'java/lang/NoSuchMethodError'{0x00000006216b7390}: java.lang.invoke.DirectMethodHandle$Holder.invokeStatic(Ljava/lang/Object;Ljava/lang/Object;Ljava/lang/Object;Ljava/lang/Object;Ljava/lang/Object;Ljava/lang/Object;Ljava/lang/Object;Ljava/lan
Event: 0.767 Thread 0x00000297fe40e000 Implicit null exception at 0x000002978fe47127 to 0x000002978fe4773e
Event: 0.767 Thread 0x00000297fe40e000 Implicit null exception at 0x000002978fe696a4 to 0x000002978fe69cde
Event: 0.986 Thread 0x00000297acbe2800 Exception <a 'java/lang/reflect/InvocationTargetException'{0x000000061fd24830}> (0x000000061fd24830) thrown at [t:/workspace/open/src/hotspot/share/runtime/reflection.cpp, line 1183]
Event: 1.284 Thread 0x00000297acbe2800 Exception <a 'java/io/FileNotFoundException'{0x000000061edfdae8}> (0x000000061edfdae8) thrown at [t:/workspace/open/src/hotspot/share/prims/jni.cpp, line 615]

Events (10 events):
Event: 1.701 loading class org/eclipse/jdt/internal/compiler/ast/UnionTypeReference
Event: 1.701 loading class org/eclipse/jdt/internal/compiler/ast/UnionTypeReference done
Event: 1.703 loading class org/eclipse/jdt/internal/compiler/util/Util
Event: 1.703 loading class org/eclipse/jdt/internal/compiler/util/Util done
Event: 1.704 loading class org/eclipse/jdt/internal/compiler/util/SuffixConstants
Event: 1.704 loading class org/eclipse/jdt/internal/compiler/util/SuffixConstants done
Event: 1.704 loading class org/eclipse/jdt/internal/compiler/util/Util$Displayable
Event: 1.704 loading class org/eclipse/jdt/internal/compiler/util/Util$Displayable done
Event: 1.704 loading class org/eclipse/jdt/internal/compiler/lookup/ClassScope
Event: 1.704 loading class org/eclipse/jdt/internal/compiler/lookup/ClassScope done


Dynamic libraries:
0x00007ff6f66f0000 - 0x00007ff6f66ff000 	C:\Program Files\Java\jdk-12.0.1\bin\java.exe
0x00007ffd22850000 - 0x00007ffd22a31000 	C:\Windows\SYSTEM32\ntdll.dll
0x00007ffd21320000 - 0x00007ffd213d1000 	C:\Windows\System32\KERNEL32.DLL
0x00007ffd1f580000 - 0x00007ffd1f7f3000 	C:\Windows\System32\KERNELBASE.dll
0x00007ffd1f420000 - 0x00007ffd1f518000 	C:\Windows\System32\ucrtbase.dll
0x00007ffd14c50000 - 0x00007ffd14c68000 	C:\Program Files\Java\jdk-12.0.1\bin\jli.dll
0x00007ffd14c00000 - 0x00007ffd14c16000 	C:\Program Files\Java\jdk-12.0.1\bin\VCRUNTIME140.dll
0x00007ffd22400000 - 0x00007ffd224a1000 	C:\Windows\System32\ADVAPI32.dll
0x00007ffd22520000 - 0x00007ffd225be000 	C:\Windows\System32\msvcrt.dll
0x00007ffd224c0000 - 0x00007ffd2251b000 	C:\Windows\System32\sechost.dll
0x00007ffd221e0000 - 0x00007ffd22304000 	C:\Windows\System32\RPCRT4.dll
0x00007ffd22690000 - 0x00007ffd22820000 	C:\Windows\System32\USER32.dll
0x00007ffd1f800000 - 0x00007ffd1f820000 	C:\Windows\System32\win32u.dll
0x00007ffd0e670000 - 0x00007ffd0e8d9000 	C:\Windows\WinSxS\amd64_microsoft.windows.common-controls_6595b64144ccf1df_6.0.17134.950_none_fb3da4273069d3e0\COMCTL32.dll
0x00007ffd22660000 - 0x00007ffd22688000 	C:\Windows\System32\GDI32.dll
0x00007ffd21d30000 - 0x00007ffd22052000 	C:\Windows\System32\combase.dll
0x00007ffd1fb40000 - 0x00007ffd1fcd1000 	C:\Windows\System32\gdi32full.dll
0x00007ffd1ec70000 - 0x00007ffd1ed0f000 	C:\Windows\System32\msvcp_win.dll
0x00007ffd1f820000 - 0x00007ffd1f899000 	C:\Windows\System32\bcryptPrimitives.dll
0x00007ffd198c0000 - 0x00007ffd198ca000 	C:\Windows\SYSTEM32\VERSION.dll
0x00007ffd22630000 - 0x00007ffd2265d000 	C:\Windows\System32\IMM32.DLL
0x00007ffd07830000 - 0x00007ffd078da000 	C:\Program Files\Java\jdk-12.0.1\bin\msvcp140.dll
0x00007ffcd9cc0000 - 0x00007ffcda834000 	C:\Program Files\Java\jdk-12.0.1\bin\server\jvm.dll
0x00007ffd224b0000 - 0x00007ffd224b8000 	C:\Windows\System32\PSAPI.DLL
0x00007ffd1b550000 - 0x00007ffd1b559000 	C:\Windows\SYSTEM32\WSOCK32.dll
0x00007ffd1cc90000 - 0x00007ffd1ccb3000 	C:\Windows\SYSTEM32\WINMM.dll
0x00007ffd225c0000 - 0x00007ffd2262c000 	C:\Windows\System32\WS2_32.dll
0x00007ffd1cc60000 - 0x00007ffd1cc8a000 	C:\Windows\SYSTEM32\winmmbase.dll
0x00007ffd1ec20000 - 0x00007ffd1ec69000 	C:\Windows\System32\cfgmgr32.dll
0x00007ffd1ec00000 - 0x00007ffd1ec11000 	C:\Windows\System32\kernel.appcore.dll
0x00007ffd14f20000 - 0x00007ffd14f31000 	C:\Program Files\Java\jdk-12.0.1\bin\verify.dll
0x00007ffd0dfe0000 - 0x00007ffd0e1a9000 	C:\Windows\SYSTEM32\DBGHELP.DLL
0x00007ffd0dc40000 - 0x00007ffd0dc69000 	C:\Windows\SYSTEM32\dbgcore.DLL
0x00007ffd14c80000 - 0x00007ffd14ca6000 	C:\Program Files\Java\jdk-12.0.1\bin\java.dll
0x00007ffd14d60000 - 0x00007ffd14d77000 	C:\Program Files\Java\jdk-12.0.1\bin\zip.dll
0x00007ffd14f80000 - 0x00007ffd14f8a000 	C:\Program Files\Java\jdk-12.0.1\bin\jimage.dll
0x00007ffd1fee0000 - 0x00007ffd21320000 	C:\Windows\System32\SHELL32.dll
0x00007ffd21aa0000 - 0x00007ffd21b49000 	C:\Windows\System32\shcore.dll
0x00007ffd1ed10000 - 0x00007ffd1f41d000 	C:\Windows\System32\windows.storage.dll
0x00007ffd21440000 - 0x00007ffd21491000 	C:\Windows\System32\shlwapi.dll
0x00007ffd1ebc0000 - 0x00007ffd1ebdf000 	C:\Windows\System32\profapi.dll
0x00007ffd1eb70000 - 0x00007ffd1ebbc000 	C:\Windows\System32\powrprof.dll
0x00007ffd1eb60000 - 0x00007ffd1eb6a000 	C:\Windows\System32\FLTLIB.DLL
0x00007ffd14be0000 - 0x00007ffd14bf9000 	C:\Program Files\Java\jdk-12.0.1\bin\net.dll
0x00007ffd1a9b0000 - 0x00007ffd1aa8d000 	C:\Windows\SYSTEM32\WINHTTP.dll
0x00007ffd0ff90000 - 0x00007ffd10159000 	C:\Windows\SYSTEM32\urlmon.dll
0x00007ffd10c00000 - 0x00007ffd10ea6000 	C:\Windows\SYSTEM32\iertutil.dll
0x00007ffd1e550000 - 0x00007ffd1e55b000 	C:\Windows\SYSTEM32\CRYPTBASE.DLL
0x00007ffd1e380000 - 0x00007ffd1e3e6000 	C:\Windows\system32\mswsock.dll
0x00007ffd14970000 - 0x00007ffd14983000 	C:\Program Files\Java\jdk-12.0.1\bin\nio.dll
0x00007ffd1b6e0000 - 0x00007ffd1b6e9000 	C:\Program Files\Java\jdk-12.0.1\bin\management_agent.dll
0x00007ffd14bd0000 - 0x00007ffd14bd9000 	C:\Program Files\Java\jdk-12.0.1\bin\management.dll
0x00007ffd14960000 - 0x00007ffd1496c000 	C:\Program Files\Java\jdk-12.0.1\bin\management_ext.dll
0x00007ffd0cc20000 - 0x00007ffd0cc46000 	C:\Program Files (x86)\Sangfor\SSL\ClientComponent3\SangforNspX64.dll
0x00007ffd21b50000 - 0x00007ffd21ca1000 	C:\Windows\System32\ole32.dll
0x00007ffd22330000 - 0x00007ffd223f2000 	C:\Windows\System32\OLEAUT32.dll
0x00007ffd0c9d0000 - 0x00007ffd0c9e6000 	C:\Windows\system32\napinsp.dll
0x00007ffd0c980000 - 0x00007ffd0c99a000 	C:\Windows\system32\pnrpnsp.dll
0x00007ffd1b580000 - 0x00007ffd1b599000 	C:\Windows\system32\NLAapi.dll
0x00007ffd1e120000 - 0x00007ffd1e1de000 	C:\Windows\SYSTEM32\DNSAPI.dll
0x00007ffd219f0000 - 0x00007ffd219f8000 	C:\Windows\System32\NSI.dll
0x00007ffd1e0d0000 - 0x00007ffd1e108000 	C:\Windows\SYSTEM32\IPHLPAPI.DLL
0x00007ffd0c9a0000 - 0x00007ffd0c9ae000 	C:\Windows\System32\winrnr.dll
0x00007ffd0fc70000 - 0x00007ffd0fdea000 	C:\Program Files (x86)\Sangfor\SSL\ClientComponent3\SangforTcpX64.dll
0x00007ffd1f520000 - 0x00007ffd1f577000 	C:\Windows\System32\WINTRUST.dll
0x00007ffd1ebe0000 - 0x00007ffd1ebf2000 	C:\Windows\System32\MSASN1.dll
0x00007ffd1f8a0000 - 0x00007ffd1fa82000 	C:\Windows\System32\CRYPT32.dll
0x00007ffd12f30000 - 0x00007ffd12f3a000 	C:\Windows\System32\rasadhlp.dll
0x00007ffd12f40000 - 0x00007ffd12fb2000 	C:\Windows\System32\fwpuclnt.dll
0x00007ffd1e660000 - 0x00007ffd1e685000 	C:\Windows\SYSTEM32\bcrypt.dll
0x00007ffd1e530000 - 0x00007ffd1e547000 	C:\Windows\SYSTEM32\CRYPTSP.dll
0x00007ffd1df30000 - 0x00007ffd1df63000 	C:\Windows\system32\rsaenh.dll
0x00007ffd1ea60000 - 0x00007ffd1ea88000 	C:\Windows\SYSTEM32\USERENV.dll
0x00007ffd17d50000 - 0x00007ffd17d66000 	C:\Windows\SYSTEM32\dhcpcsvc6.DLL
0x00007ffd17f70000 - 0x00007ffd17f8a000 	C:\Windows\SYSTEM32\dhcpcsvc.DLL

dbghelp: loaded successfully - version: 4.0.5 - missing functions: none
symbol engine: initialized successfully - sym options: 0x614 - pdb path: .;C:\Program Files\Java\jdk-12.0.1\bin;C:\Windows\SYSTEM32;C:\Windows\WinSxS\amd64_microsoft.windows.common-controls_6595b64144ccf1df_6.0.17134.950_none_fb3da4273069d3e0;C:\Program Files\Java\jdk-12.0.1\bin\server;C:\Program Files (x86)\Sangfor\SSL\ClientComponent3

VM Arguments:
jvm_args: --add-opens=java.base/java.lang=ALL-UNNAMED --add-opens=java.base/java.io=ALL-UNNAMED --add-opens=java.rmi/sun.rmi.transport=ALL-UNNAMED -Djava.util.logging.config.file=C:\Users\ZQ\.IntelliJIdea2019.2\system\tomcat\Tomcat_8_5_45_TommcatLearn\conf\logging.properties -Djava.util.logging.manager=org.apache.juli.ClassLoaderLogManager -Dcom.sun.management.jmxremote= -Dcom.sun.management.jmxremote.port=1099 -Dcom.sun.management.jmxremote.ssl=false -Dcom.sun.management.jmxremote.password.file=C:\Users\ZQ\.IntelliJIdea2019.2\system\tomcat\Tomcat_8_5_45_TommcatLearn\jmxremote.password -Dcom.sun.management.jmxremote.access.file=C:\Users\ZQ\.IntelliJIdea2019.2\system\tomcat\Tomcat_8_5_45_TommcatLearn\jmxremote.access -Djava.rmi.server.hostname=127.0.0.1 -Djdk.tls.ephemeralDHKeySize=2048 -Djava.protocol.handler.pkgs=org.apache.catalina.webresources -Dignore.endorsed.dirs= -Dcatalina.base=C:\Users\ZQ\.IntelliJIdea2019.2\system\tomcat\Tomcat_8_5_45_TommcatLearn -Dcatalina.home=D:\Java\JavaLearn\apache-tomcat-8.5.45 -Djava.io.tmpdir=D:\Java\JavaLearn\apache-tomcat-8.5.45\temp 
java_command: org.apache.catalina.startup.Bootstrap start
java_class_path (initial): D:\Java\JavaLearn\apache-tomcat-8.5.45\bin\bootstrap.jar;D:\Java\JavaLearn\apache-tomcat-8.5.45\bin\tomcat-juli.jar
Launcher Type: SUN_STANDARD

[Global flags]
     intx CICompilerCount                          = 4                                         {product} {ergonomic}
     uint ConcGCThreads                            = 3                                         {product} {ergonomic}
     uint G1ConcRefinementThreads                  = 10                                        {product} {ergonomic}
   size_t G1HeapRegionSize                         = 2097152                                   {product} {ergonomic}
    uintx GCDrainStackTargetSize                   = 64                                        {product} {ergonomic}
   size_t InitialHeapSize                          = 534773760                                 {product} {ergonomic}
     bool ManagementServer                         = true                                      {product} {command line}
   size_t MarkStackSize                            = 4194304                                   {product} {ergonomic}
   size_t MaxHeapSize                              = 8550088704                                {product} {ergonomic}
   size_t MaxNewSize                               = 5129633792                                {product} {ergonomic}
   size_t MinHeapDeltaBytes                        = 2097152                                   {product} {ergonomic}
    uintx NonNMethodCodeHeapSize                   = 5836300                                {pd product} {ergonomic}
    uintx NonProfiledCodeHeapSize                  = 122910970                              {pd product} {ergonomic}
    uintx ProfiledCodeHeapSize                     = 122910970                              {pd product} {ergonomic}
    uintx ReservedCodeCacheSize                    = 251658240                              {pd product} {ergonomic}
     bool SegmentedCodeCache                       = true                                      {product} {ergonomic}
     bool UseCompressedClassPointers               = true                                 {lp64_product} {ergonomic}
     bool UseCompressedOops                        = true                                 {lp64_product} {ergonomic}
     bool UseG1GC                                  = true                                      {product} {ergonomic}
     bool UseLargePagesIndividualAllocation        = false                                  {pd product} {ergonomic}

Logging:
Log output configuration:
 #0: stdout all=warning uptime,level,tags
 #1: stderr all=off uptime,level,tags

Environment Variables:
JAVA_HOME=C:\Program Files\Java\jdk-12.0.1
JRE_HOME=C:\Program Files\Java\jdk-12.0.1
CLASSPATH=D:\Java\JavaLearn\apache-tomcat-8.5.45\bin\bootstrap.jar;D:\Java\JavaLearn\apache-tomcat-8.5.45\bin\tomcat-juli.jar
PATH=C:\Windows\system32;C:\Windows;C:\Windows\System32\Wbem;C:\Windows\System32\WindowsPowerShell\v1.0\;C:\Windows\System32\OpenSSH\;C:\Program Files\NVIDIA Corporation\NVIDIA NGX;C:\Program Files (x86)\NVIDIA Corporation\PhysX\Common;C:\Program Files\NVIDIA Corporation\NVIDIA NvDLISR;C:\Program Files\Java\jdk-12.0.1\bin;C:\Program Files\Java\jdk-12.0.1\jre\bin;D:\Git\cmd;C:\Program Files\nodejs\;%GOROOT%\bin;D:\GridLAB-D\lib;D:\GridLAB-D\bin;C:\GnuPlot\bin;C:\Program Files\dotnet\;C:\Program Files\Geth;C:\mingw64\bin;C:\cmake-3.15.1-win64-x64\bin;D:\work;C:\Python27;C:\Go\bin;D:\SciTools\bin\pc-win64;C:\Program Files\MySQL\MySQL Server 5.5\bin;C:\Users\ZQ\AppData\Local\Microsoft\WindowsApps;C:\Users\ZQ\AppData\Roaming\npm;C:\Program Files\Geth;C:\mingw64\bin;C:\Users\ZQ\go\bin;C:\Program Files\MySQL\MySQL Server 5.5\bin;;D:\PyCharm 2019.2\bin;
USERNAME=ZQ
OS=Windows_NT
PROCESSOR_IDENTIFIER=Intel64 Family 6 Model 158 Stepping 10, GenuineIntel



---------------  S Y S T E M  ---------------

OS: Windows 10 , 64 bit Build 17134 (10.0.17134.753)

CPU:total 12 (initial active 12) (6 cores per cpu, 2 threads per core) family 6 model 158 stepping 10, cmov, cx8, fxsr, mmx, sse, sse2, sse3, ssse3, sse4.1, sse4.2, popcnt, avx, avx2, aes, clmul, erms, rtm, 3dnowpref, lzcnt, ht, tsc, tscinvbit, bmi1, bmi2, adx, fma

Memory: 4k page, system-wide physical 32609M (26109M free)
TotalPageFile size 34657M (AvailPageFile size 25276M)
current process WorkingSet (physical memory assigned to process): 166M, peak: 166M
current process commit charge ("private bytes"): 666M, peak: 666M

vm_info: Java HotSpot(TM) 64-Bit Server VM (12.0.1+12) for windows-amd64 JRE (12.0.1+12), built on Apr  2 2019 14:02:19 by "mach5one" with MS VC++ 15.5 (VS2017)

END.
